<?xml version="1.0" encoding="UTF-8"?>
<!-- Generated by org.testng.reporters.JUnitXMLReporter -->
<testsuite hostname="wilfred-PC" ignored="0" name="Default test" tests="4" failures="0" timestamp="09 Sep 2020 14:24:18 GMT" time="6.028" errors="0">
  <testcase name="doRegistration" time="0.046" classname="ExcelFileReader.TestRegistration"/>
  <testcase name="doRegistration" time="0.054" classname="ExcelFileReader.TestRegistration"/>
  <testcase name="doRegistration" time="0.048" classname="ExcelFileReader.TestRegistration"/>
  <testcase name="doRegistration" time="0.047" classname="ExcelFileReader.TestRegistration"/>
</testsuite> <!-- Default test -->
